<?xml version="1.0" encoding="UTF-8"?>
<testng-results ignored="0" total="1" passed="1" failed="0" skipped="0">
  <reporter-output>
  </reporter-output>
  <suite started-at="2023-04-17T23:49:32 IST" name="Default suite" finished-at="2023-04-17T23:49:38 IST" duration-ms="6293">
    <groups>
    </groups>
    <test started-at="2023-04-17T23:49:32 IST" name="Default test" finished-at="2023-04-17T23:49:38 IST" duration-ms="6293">
      <class name="test.Get_request_authorization">
        <test-method signature="getstatuscode()[pri:0, instance:test.Get_request_authorization@6ca8564a]" started-at="2023-04-17T23:49:32 IST" name="getstatuscode" finished-at="2023-04-17T23:49:38 IST" duration-ms="6212" status="PASS">
          <reporter-output>
          </reporter-output>
        </test-method> <!-- getstatuscode -->
      </class> <!-- test.Get_request_authorization -->
    </test> <!-- Default test -->
  </suite> <!-- Default suite -->
</testng-results>
